<?xml version="1.0" encoding="UTF-8"?>
<!-- Generated by org.testng.reporters.JUnitXMLReporter -->
<testsuite ignored="0" hostname="HANWKS0516" failures="0" tests="11" name="Personal Loan" time="0.075" errors="0" timestamp="2024-06-07T10:14:22 ICT">
  <testcase classname="testNG.Step2" name="AppLoginCarLoan" time="0.008"/>
  <testcase classname="testNG.Step2" name="AppLogoutCarLoan" time="0.001"/>
  <testcase classname="testNG.Step2" name="AppSigninCarLoan" time="0.001"/>
  <testcase classname="testNG.Step2" name="AppSignoutCarLoan" time="0.001"/>
  <testcase classname="testNG.Step2" name="LoginAPICarLoan" time="0.001"/>
  <testcase classname="testNG.Step2" name="WebLoginCarLoan" time="0.0"/>
  <testcase classname="testNG.Step3" name="AppLoginHomeLoan" time="0.001"/>
  <testcase classname="testNG.Step3" name="LoginAPIHomeLoan" time="0.0"/>
  <testcase classname="testNG.Step3" name="WebLoginHomeLoan" time="0.001"/>
  <testcase classname="testNG.testNG1" name="Demo" time="0.001"/>
  <testcase classname="testNG.testNG1" name="Demo2" time="0.001"/>
</testsuite> <!-- Personal Loan -->
