<?xml version="1.0" encoding="UTF-8"?>
<!-- Generated by org.testng.reporters.JUnitXMLReporter -->
<testsuite ignored="10" hostname="HANWKS0516" failures="0" tests="0" time="0.011" errors="0" timestamp="2024-06-07T11:28:29 ICT">
  <testcase classname="testNG.testNG1" name="Demo2" time="0.0">
    <ignored/>
  </testcase> <!-- Demo2 -->
  <testcase classname="testNG.Step2" name="AppLoginCarLoan" time="0.0">
    <ignored/>
  </testcase> <!-- AppLoginCarLoan -->
  <testcase classname="testNG.Step3" name="LoginAPIHomeLoan" time="0.0">
    <ignored/>
  </testcase> <!-- LoginAPIHomeLoan -->
  <testcase classname="testNG.Step2" name="AppLogoutCarLoan" time="0.0">
    <ignored/>
  </testcase> <!-- AppLogoutCarLoan -->
  <testcase classname="testNG.Step3" name="AppLoginHomeLoan" time="0.0">
    <ignored/>
  </testcase> <!-- AppLoginHomeLoan -->
  <testcase classname="testNG.Step3" name="WebLoginHomeLoan" time="0.0">
    <ignored/>
  </testcase> <!-- WebLoginHomeLoan -->
  <testcase classname="testNG.Step2" name="AppSigninCarLoan" time="0.0">
    <ignored/>
  </testcase> <!-- AppSigninCarLoan -->
  <testcase classname="testNG.Step2" name="LoginAPICarLoan" time="0.0">
    <ignored/>
  </testcase> <!-- LoginAPICarLoan -->
  <testcase classname="testNG.Step2" name="AppSignoutCarLoan" time="0.0">
    <ignored/>
  </testcase> <!-- AppSignoutCarLoan -->
  <testcase classname="testNG.Step2" name="WebLoginCarLoan" time="0.0">
    <ignored/>
  </testcase> <!-- WebLoginCarLoan -->
</testsuite>
