<?xml version="1.0" encoding="UTF-8"?>
<!-- Generated by org.testng.reporters.JUnitXMLReporter -->
<testsuite ignored="1" hostname="HANWKS0516" failures="0" tests="2" name="Test 3 - Home loan" time="0.003" errors="0" timestamp="2024-06-07T15:49:44 ICT">
  <testcase classname="testNG.Step3" name="LoginAPIHomeLoan" time="0.0"/>
  <testcase classname="testNG.Step3" name="WebLoginHomeLoan" time="0.001"/>
  <testcase classname="testNG.Step3" name="AppLoginHomeLoan" time="0.0">
    <ignored/>
  </testcase> <!-- AppLoginHomeLoan -->
</testsuite> <!-- Test 3 - Home loan -->
