<?xml version="1.0" encoding="UTF-8"?>
<!-- Generated by org.testng.reporters.JUnitXMLReporter -->
<testsuite ignored="4" hostname="HANWKS0516" failures="0" tests="2" name="Test 2 - Car loan" time="0.006" errors="0" timestamp="2024-06-07T10:03:17 ICT">
  <testcase classname="testNG.Step2" name="LoginAPICarLoan" time="0.001"/>
  <testcase classname="testNG.Step2" name="WebLoginCarLoan" time="0.001"/>
  <testcase classname="testNG.Step2" name="AppSigninCarLoan" time="0.0">
    <ignored/>
  </testcase> <!-- AppSigninCarLoan -->
  <testcase classname="testNG.Step2" name="AppSignoutCarLoan" time="0.0">
    <ignored/>
  </testcase> <!-- AppSignoutCarLoan -->
  <testcase classname="testNG.Step2" name="AppLogoutCarLoan" time="0.0">
    <ignored/>
  </testcase> <!-- AppLogoutCarLoan -->
  <testcase classname="testNG.Step2" name="AppLoginCarLoan" time="0.0">
    <ignored/>
  </testcase> <!-- AppLoginCarLoan -->
</testsuite> <!-- Test 2 - Car loan -->
