<?xml version="1.0" encoding="UTF-8"?>
<testng-results ignored="0" total="1" passed="1" failed="0" skipped="0">
  <reporter-output>
  </reporter-output>
  <suite started-at="2024-06-03T10:33:44 ICT" name="Default suite" finished-at="2024-06-03T10:33:44 ICT" duration-ms="54">
    <groups>
    </groups>
    <test started-at="2024-06-03T10:33:44 ICT" name="Default test" finished-at="2024-06-03T10:33:44 ICT" duration-ms="54">
      <class name="StreamsLearning">
        <test-method signature="streamCollect()[pri:0, instance:StreamsLearning@73e9cf30]" started-at="2024-06-03T10:33:44 ICT" name="streamCollect" finished-at="2024-06-03T10:33:44 ICT" duration-ms="10" status="PASS">
          <reporter-output>
          </reporter-output>
        </test-method> <!-- streamCollect -->
      </class> <!-- StreamsLearning -->
    </test> <!-- Default test -->
  </suite> <!-- Default suite -->
</testng-results>
